SF:lib/models/preset.dart
DA:13,7
DA:24,3
DA:25,27
DA:28,3
DA:29,6
DA:30,6
DA:31,15
DA:35,5
DA:43,5
DA:44,5
DA:55,2
DA:56,2
DA:57,2
DA:58,2
DA:59,2
DA:60,2
DA:61,2
DA:62,2
DA:63,2
DA:68,5
DA:69,5
DA:70,5
DA:71,5
DA:72,5
DA:73,5
DA:74,5
DA:75,5
DA:76,5
DA:81,3
DA:90,3
DA:91,3
DA:92,2
DA:93,2
DA:94,2
DA:95,2
DA:96,2
DA:97,2
DA:101,1
DA:104,1
DA:105,3
DA:106,3
DA:107,3
DA:108,0
DA:109,0
DA:110,0
DA:111,0
DA:114,1
DA:115,8
DA:117,1
DA:119,5
DA:120,3
LF:51
LH:47
end_of_record
SF:lib/domain/workout_engine.dart
DA:10,2
DA:16,1
DA:19,1
DA:20,3
DA:21,3
DA:22,3
DA:24,1
DA:25,4
DA:27,1
DA:29,4
DA:49,1
DA:50,1
DA:51,1
DA:55,6
DA:56,12
DA:57,24
DA:59,1
DA:63,1
DA:64,1
DA:67,2
DA:68,2
DA:70,1
DA:76,1
DA:77,3
DA:78,3
DA:81,2
DA:82,2
DA:84,1
DA:90,2
DA:91,2
DA:93,1
DA:97,1
DA:102,2
DA:103,2
DA:105,1
DA:115,5
DA:116,28
DA:118,4
DA:120,4
DA:121,19
DA:123,8
DA:125,2
DA:127,3
DA:129,4
DA:130,8
DA:131,8
DA:132,20
DA:141,1
DA:142,1
DA:144,2
DA:145,2
DA:146,2
DA:150,1
DA:155,4
DA:156,4
DA:157,4
DA:161,4
DA:162,12
DA:163,8
DA:164,20
DA:167,4
DA:168,20
DA:169,8
DA:170,20
DA:172,2
LF:65
LH:65
end_of_record
SF:lib/state/workout_state.dart
DA:32,0
DA:33,0
DA:37,0
DA:43,0
DA:47,0
DA:48,0
DA:49,0
DA:53,5
DA:63,5
DA:68,12
DA:69,3
DA:70,9
DA:71,9
DA:72,3
DA:74,8
DA:75,4
DA:76,2
DA:77,2
DA:81,3
DA:82,6
DA:83,3
DA:84,3
DA:85,3
DA:86,3
DA:88,3
DA:89,3
DA:91,3
DA:94,3
DA:95,6
DA:96,6
DA:97,1
DA:98,1
DA:100,3
DA:103,3
DA:104,6
DA:105,3
DA:108,1
DA:109,1
DA:110,1
DA:111,1
DA:112,0
DA:116,1
DA:117,2
DA:118,3
DA:119,3
DA:120,1
DA:123,2
DA:124,2
DA:125,2
DA:126,2
DA:127,2
DA:132,5
DA:133,15
DA:134,15
DA:137,3
DA:138,3
DA:139,6
DA:140,3
DA:141,3
DA:144,0
DA:145,0
DA:147,0
DA:149,0
DA:150,0
DA:153,0
DA:154,0
DA:155,0
DA:158,0
DA:161,3
DA:162,3
DA:163,6
DA:164,0
DA:165,0
DA:169,3
DA:170,5
DA:171,3
DA:174,3
DA:176,5
DA:177,3
DA:178,6
DA:179,6
DA:180,3
LF:82
LH:63
end_of_record
SF:lib/l10n/app_localizations.dart
DA:65,14
DA:66,28
DA:70,13
DA:71,13
DA:410,3
DA:412,14
DA:414,28
DA:417,14
DA:419,42
DA:421,1
DA:425,14
DA:427,14
DA:428,14
DA:429,0
DA:430,14
DA:431,14
DA:434,0
LF:17
LH:15
end_of_record
SF:lib/l10n/app_localizations_en.dart
DA:9,0
DA:11,0
DA:14,0
DA:17,0
DA:20,0
DA:23,0
DA:26,0
DA:29,0
DA:32,0
DA:35,0
DA:38,0
DA:41,0
DA:44,0
DA:47,0
DA:50,0
DA:53,0
DA:56,0
DA:59,0
DA:62,0
DA:65,0
DA:68,0
DA:71,0
DA:74,0
DA:77,0
DA:80,0
DA:83,0
DA:86,0
DA:89,0
DA:92,0
DA:95,0
DA:98,0
DA:101,0
DA:104,0
DA:107,0
DA:110,0
DA:113,0
DA:116,0
DA:119,0
DA:122,0
DA:125,0
DA:128,0
DA:131,0
DA:134,0
DA:137,0
DA:140,0
DA:143,0
DA:146,0
DA:149,0
DA:152,0
DA:155,0
DA:158,0
DA:161,0
LF:52
LH:0
end_of_record
SF:lib/l10n/app_localizations_fr.dart
DA:9,28
DA:11,2
DA:14,5
DA:17,5
DA:20,5
DA:23,2
DA:26,1
DA:29,2
DA:32,2
DA:35,1
DA:38,0
DA:41,2
DA:44,2
DA:47,2
DA:50,2
DA:53,4
DA:56,4
DA:59,4
DA:62,4
DA:65,4
DA:68,4
DA:71,2
DA:74,1
DA:77,2
DA:80,2
DA:83,1
DA:86,1
DA:89,1
DA:92,2
DA:95,2
DA:98,2
DA:101,2
DA:104,2
DA:107,2
DA:110,2
DA:113,2
DA:116,2
DA:119,2
DA:122,2
DA:125,2
DA:128,2
DA:131,2
DA:134,2
DA:137,2
DA:140,1
DA:143,2
DA:146,1
DA:149,0
DA:152,2
DA:155,2
DA:158,2
DA:161,2
LF:52
LH:50
end_of_record
SF:lib/theme/app_colors.dart
DA:6,0
LF:1
LH:0
end_of_record
SF:lib/widgets/workout/navigation_controls.dart
DA:9,0
DA:11,2
DA:13,2
DA:14,2
DA:16,2
DA:19,2
DA:21,2
DA:23,2
DA:26,2
DA:27,2
DA:31,2
DA:34,1
DA:35,1
DA:37,2
DA:39,2
DA:41,2
DA:43,2
DA:44,2
DA:55,2
DA:58,2
DA:59,2
LF:21
LH:20
end_of_record
SF:lib/widgets/workout/pause_button.dart
DA:9,0
DA:11,2
DA:13,2
DA:14,2
DA:16,2
DA:18,2
DA:20,6
DA:21,2
DA:22,2
LF:9
LH:8
end_of_record
SF:lib/widgets/workout/workout_display.dart
DA:10,0
DA:12,2
DA:14,2
DA:15,2
DA:16,8
DA:18,2
DA:20,2
DA:22,2
DA:23,8
DA:27,2
DA:29,4
DA:41,2
DA:43,2
DA:54,2
DA:56,2
DA:57,2
DA:58,2
DA:67,2
DA:68,2
DA:69,2
DA:70,4
DA:71,2
DA:72,4
DA:73,1
DA:74,2
DA:75,1
DA:76,2
LF:27
LH:26
end_of_record
SF:lib/state/preset_editor_state.dart
DA:28,4
DA:29,4
DA:30,4
DA:31,4
DA:32,4
DA:33,4
DA:34,6
DA:35,2
DA:36,2
DA:38,6
DA:39,6
DA:40,6
DA:41,6
DA:43,4
DA:44,2
DA:45,2
DA:46,2
DA:47,2
DA:48,2
DA:52,3
DA:63,3
DA:64,1
DA:65,1
DA:66,3
DA:67,3
DA:68,2
DA:77,2
DA:78,2
DA:79,2
DA:80,2
DA:81,2
DA:82,2
DA:84,3
DA:85,3
DA:86,3
DA:87,3
DA:88,3
DA:89,3
DA:91,9
DA:92,9
DA:93,9
DA:94,9
DA:95,9
DA:98,1
DA:99,5
DA:102,1
DA:103,5
DA:106,1
DA:107,5
DA:110,1
DA:111,5
DA:114,1
DA:115,5
DA:118,1
DA:119,5
DA:122,1
DA:123,5
DA:126,1
DA:127,5
DA:130,1
DA:131,5
DA:134,1
DA:135,5
DA:138,1
DA:139,1
DA:140,1
DA:143,2
DA:144,2
DA:145,2
DA:148,3
DA:149,3
DA:150,3
DA:153,2
DA:154,8
DA:155,3
DA:156,7
DA:157,2
DA:158,6
DA:159,2
DA:160,1
DA:161,1
DA:162,1
DA:163,1
DA:164,1
DA:168,6
DA:169,4
DA:170,2
DA:171,2
DA:172,2
DA:173,2
DA:174,2
DA:180,2
LF:92
LH:92
end_of_record
SF:lib/state/home_state.dart
DA:34,4
DA:35,4
DA:36,4
DA:37,4
DA:38,4
DA:39,12
DA:40,2
DA:41,6
DA:42,6
DA:45,0
DA:46,0
DA:47,0
DA:51,5
DA:52,5
DA:55,5
DA:56,20
DA:57,20
DA:58,20
DA:59,20
DA:60,10
DA:63,1
DA:64,5
DA:66,0
DA:71,4
DA:72,12
DA:73,12
DA:74,12
DA:75,12
DA:76,32
DA:79,2
DA:80,4
DA:81,4
DA:82,2
DA:83,2
DA:87,1
DA:88,2
DA:89,2
DA:90,1
DA:91,1
DA:95,1
DA:96,2
DA:97,2
DA:98,1
DA:99,1
DA:103,1
DA:104,2
DA:105,2
DA:106,1
DA:107,1
DA:111,1
DA:112,2
DA:113,2
DA:114,1
DA:115,1
DA:119,1
DA:120,2
DA:121,2
DA:122,1
DA:123,1
DA:127,1
DA:128,2
DA:129,1
DA:130,1
DA:133,1
DA:134,2
DA:135,1
DA:138,2
DA:139,5
DA:140,6
DA:141,2
DA:143,2
DA:144,2
DA:145,2
DA:148,2
DA:149,2
DA:152,2
DA:153,4
DA:154,2
DA:155,2
DA:158,2
DA:159,12
DA:160,4
DA:161,4
DA:162,2
DA:163,2
DA:167,1
DA:168,5
DA:169,1
DA:170,1
DA:173,1
DA:174,2
DA:175,1
LF:92
LH:88
end_of_record
SF:lib/services/impl/shared_prefs_repository.dart
DA:8,1
DA:10,1
DA:12,2
DA:13,1
DA:19,1
DA:21,1
DA:22,2
DA:23,1
DA:24,2
DA:25,1
DA:26,2
DA:27,1
DA:28,2
DA:29,0
DA:30,0
DA:32,0
DA:36,1
DA:38,2
DA:41,1
DA:43,2
LF:20
LH:17
end_of_record
SF:lib/domain/time_formatter.dart
DA:5,0
DA:7,5
DA:8,5
DA:9,1
DA:10,2
DA:11,1
DA:12,3
DA:13,2
DA:14,2
DA:16,5
DA:17,5
DA:18,15
DA:19,10
LF:13
LH:12
end_of_record
SF:lib/domain/preset_calculator.dart
DA:6,3
DA:13,3
DA:14,9
DA:19,3
DA:26,3
DA:33,3
DA:34,3
DA:35,15
LF:8
LH:8
end_of_record
SF:lib/screens/preset_editor_screen.dart
DA:14,2
DA:16,1
DA:18,1
DA:20,1
DA:22,1
DA:23,2
DA:24,2
DA:26,1
DA:27,1
DA:29,1
DA:30,1
DA:31,1
DA:32,1
DA:36,1
DA:37,1
DA:38,1
DA:44,2
DA:45,1
DA:46,1
DA:47,1
DA:48,1
DA:49,1
DA:50,1
DA:51,1
DA:52,1
DA:53,1
DA:54,1
DA:55,1
DA:56,1
DA:57,1
DA:58,1
DA:59,1
DA:60,1
DA:61,1
DA:62,1
DA:63,1
DA:64,1
DA:68,2
DA:69,1
DA:71,1
DA:72,1
DA:74,1
DA:81,1
DA:88,1
DA:89,1
DA:97,1
DA:98,1
DA:99,2
DA:103,1
DA:105,1
DA:106,2
DA:109,2
DA:110,3
LF:53
LH:53
end_of_record
SF:lib/routes/app_routes.dart
DA:13,0
DA:21,0
DA:22,0
DA:23,0
DA:24,0
DA:25,0
DA:29,0
DA:30,0
DA:31,0
DA:32,0
DA:36,0
DA:37,0
DA:38,0
DA:39,0
DA:41,0
DA:44,0
DA:45,0
DA:46,0
DA:47,0
DA:53,0
DA:55,0
DA:56,0
DA:57,0
DA:58,0
DA:59,0
DA:60,0
DA:61,0
DA:62,0
DA:65,0
DA:76,0
DA:77,0
DA:78,0
DA:79,0
LF:33
LH:0
end_of_record
SF:lib/screens/home_screen.dart
DA:16,2
DA:18,1
DA:20,1
DA:21,1
DA:23,1
DA:25,1
DA:26,1
DA:30,1
DA:31,0
DA:33,0
DA:36,1
DA:37,1
DA:38,1
DA:42,1
DA:43,1
DA:44,1
DA:45,1
DA:46,1
DA:47,1
DA:48,1
DA:49,1
DA:50,1
DA:51,1
DA:52,1
DA:53,1
DA:54,2
DA:55,2
DA:56,2
DA:57,2
DA:61,1
DA:63,1
DA:65,1
DA:66,1
DA:68,1
DA:70,2
DA:72,1
DA:73,1
DA:74,1
DA:80,1
DA:85,1
DA:86,1
DA:97,1
DA:99,1
DA:100,1
DA:101,2
DA:108,2
DA:109,1
DA:111,1
DA:112,1
DA:113,1
DA:120,1
DA:123,2
DA:124,1
DA:125,2
DA:126,1
DA:128,0
DA:130,0
DA:136,0
DA:141,1
DA:149,1
DA:150,1
DA:153,1
DA:160,1
DA:161,1
DA:163,2
DA:164,0
DA:169,1
DA:174,1
DA:175,1
DA:177,1
DA:179,2
DA:180,1
DA:181,1
DA:184,1
DA:185,1
DA:189,1
DA:190,1
DA:191,0
DA:192,2
DA:194,1
DA:195,0
DA:196,0
DA:197,0
DA:198,0
DA:199,0
DA:203,0
DA:204,0
DA:206,0
DA:207,0
DA:212,2
DA:220,1
DA:222,1
DA:225,1
DA:226,1
DA:227,1
DA:232,1
LF:96
LH:80
end_of_record
SF:lib/screens/workout_screen.dart
DA:20,0
DA:25,0
DA:27,0
DA:28,0
DA:29,0
DA:30,0
DA:38,0
DA:39,0
DA:47,0
DA:49,0
DA:50,0
DA:51,0
DA:52,0
DA:53,0
DA:54,0
DA:59,2
DA:61,0
DA:62,0
DA:68,0
DA:70,0
DA:71,0
DA:72,0
DA:73,0
DA:77,0
DA:79,0
DA:80,0
DA:81,0
DA:82,0
DA:87,0
DA:88,0
DA:89,0
DA:90,0
DA:95,0
DA:97,0
DA:98,0
DA:99,0
DA:102,0
DA:104,0
DA:108,0
DA:109,0
DA:112,0
DA:115,0
DA:118,0
DA:123,0
DA:124,0
DA:125,0
DA:128,0
DA:130,0
DA:133,0
DA:135,0
DA:137,0
DA:138,0
DA:139,0
DA:141,0
DA:142,0
DA:144,0
DA:145,0
DA:147,0
DA:148,0
DA:152,0
DA:158,0
DA:159,0
DA:175,0
DA:178,0
LF:64
LH:1
end_of_record
SF:lib/widgets/volume_header.dart
DA:18,2
DA:28,1
DA:31,2
DA:33,2
DA:35,2
DA:36,2
DA:38,2
DA:41,2
DA:44,2
DA:46,2
DA:47,2
DA:49,2
DA:50,4
DA:52,1
DA:59,2
DA:60,2
DA:61,2
DA:63,2
DA:64,4
DA:65,2
DA:66,2
DA:67,2
DA:69,2
DA:73,2
DA:74,2
DA:77,2
DA:84,2
DA:85,2
DA:86,2
DA:88,2
DA:91,2
LF:31
LH:31
end_of_record
SF:lib/widgets/home/quick_start_card.dart
DA:25,2
DA:44,2
DA:46,2
DA:48,2
DA:52,2
DA:53,2
DA:60,2
DA:62,2
DA:64,2
DA:66,2
DA:70,2
DA:71,2
DA:72,2
DA:76,2
DA:77,2
DA:79,2
DA:81,2
DA:82,2
DA:86,2
DA:92,4
DA:96,2
DA:97,2
DA:98,4
DA:99,2
DA:100,2
DA:104,2
DA:105,2
DA:106,2
DA:112,2
DA:113,2
DA:114,2
DA:115,2
DA:116,2
DA:120,2
DA:121,2
DA:122,2
DA:128,2
DA:129,2
DA:130,2
DA:131,2
DA:132,2
DA:136,2
DA:137,2
DA:138,2
DA:144,2
DA:146,2
DA:147,2
DA:149,2
DA:151,2
DA:153,2
DA:154,2
DA:155,2
LF:52
LH:52
end_of_record
SF:lib/widgets/home/presets_header.dart
DA:11,2
DA:17,2
DA:19,2
DA:21,2
DA:24,2
DA:27,2
DA:29,2
DA:30,2
DA:32,2
DA:38,2
DA:39,2
DA:41,2
DA:42,2
DA:44,2
DA:48,2
DA:55,2
DA:56,2
DA:58,2
DA:60,2
DA:62,2
DA:63,2
DA:64,2
DA:68,2
DA:71,2
DA:72,2
LF:25
LH:25
end_of_record
SF:lib/widgets/home/preset_card.dart
DA:13,2
DA:20,2
DA:22,2
DA:24,2
DA:25,8
DA:27,3
DA:28,2
DA:34,2
DA:38,2
DA:39,2
DA:46,2
DA:47,2
DA:48,2
DA:49,2
DA:51,2
DA:53,2
DA:55,2
DA:59,2
DA:60,2
DA:61,4
DA:65,2
DA:66,4
DA:68,2
DA:78,2
DA:79,8
DA:81,2
DA:87,2
DA:88,10
DA:90,2
DA:96,2
DA:97,10
DA:99,2
DA:112,2
DA:113,2
DA:114,2
DA:115,10
LF:36
LH:36
end_of_record
SF:lib/theme/app_text_styles.dart
DA:7,0
LF:1
LH:0
end_of_record
SF:lib/widgets/preset_editor/preset_editor_header.dart
DA:14,2
DA:20,2
DA:23,2
DA:25,2
DA:26,2
DA:28,2
DA:29,2
DA:34,2
DA:37,2
DA:39,2
DA:40,2
DA:42,2
DA:46,2
DA:51,2
DA:53,2
DA:55,2
DA:56,2
DA:57,4
DA:58,2
DA:59,2
DA:65,2
DA:66,2
DA:67,4
DA:68,2
DA:69,2
DA:76,2
DA:77,2
DA:79,2
DA:83,2
LF:29
LH:29
end_of_record
SF:lib/widgets/preset_editor/preset_name_input.dart
DA:11,2
DA:17,2
DA:19,2
DA:21,2
DA:23,2
DA:24,2
DA:26,2
DA:28,4
DA:29,8
DA:30,2
DA:31,2
DA:35,2
DA:36,2
DA:39,2
DA:40,2
DA:46,2
DA:47,2
DA:53,2
DA:54,2
LF:19
LH:19
end_of_record
SF:lib/widgets/preset_editor/preset_params_panel.dart
DA:27,2
DA:50,2
DA:52,2
DA:54,2
DA:57,2
DA:60,2
DA:62,2
DA:63,2
DA:64,2
DA:65,2
DA:66,2
DA:70,2
DA:71,2
DA:72,4
DA:73,4
DA:78,2
DA:79,2
DA:80,4
DA:81,2
DA:82,2
DA:86,2
DA:87,2
DA:88,4
DA:89,4
DA:94,2
DA:95,2
DA:96,2
DA:97,2
DA:98,2
DA:102,2
DA:103,2
DA:104,4
DA:105,4
DA:110,2
DA:111,2
DA:112,2
DA:113,2
DA:114,2
DA:118,2
DA:119,2
DA:120,4
DA:121,4
DA:126,2
DA:127,2
DA:128,2
DA:129,2
DA:130,2
DA:134,2
DA:135,2
DA:136,4
DA:137,4
LF:51
LH:51
end_of_record
SF:lib/widgets/preset_editor/preset_total_display.dart
DA:9,2
DA:14,2
DA:16,2
DA:22,2
DA:23,2
DA:26,2
LF:6
LH:6
end_of_record
SF:lib/services/impl/beep_audio_service.dart
DA:10,0
DA:11,0
DA:13,0
DA:14,0
DA:15,0
DA:18,0
DA:20,0
DA:23,0
DA:25,0
DA:26,0
DA:29,0
DA:31,0
LF:12
LH:0
end_of_record
SF:lib/services/impl/system_ticker_service.dart
DA:10,0
DA:13,0
DA:15,0
DA:16,0
DA:18,0
DA:19,0
DA:20,0
DA:23,0
DA:26,0
DA:28,0
DA:29,0
DA:30,0
DA:31,0
LF:13
LH:0
end_of_record
SF:lib/widgets/value_control.dart
DA:36,4
DA:57,4
DA:59,4
DA:61,4
DA:63,8
DA:67,4
DA:69,4
DA:70,4
DA:71,8
DA:74,4
DA:76,8
DA:77,4
DA:78,4
DA:81,8
DA:84,4
DA:85,4
DA:86,4
DA:87,4
DA:88,4
DA:89,12
DA:98,8
DA:101,4
DA:103,8
DA:104,4
DA:105,4
DA:108,8
DA:116,4
DA:123,4
DA:127,4
DA:128,4
DA:129,4
DA:130,4
DA:131,4
DA:133,8
DA:134,4
DA:136,8
DA:137,4
DA:138,8
LF:38
LH:38
end_of_record
SF:lib/widgets/preset_editor/mode_toggle_button.dart
DA:13,2
DA:22,2
DA:24,2
DA:25,2
DA:27,2
DA:28,2
DA:29,2
DA:32,2
DA:33,2
DA:35,2
DA:36,2
DA:37,2
DA:38,2
DA:41,2
DA:42,2
DA:43,2
DA:46,2
LF:17
LH:17
end_of_record
