SF:lib/models/preset.dart
DA:13,10
DA:24,1
DA:25,9
DA:28,1
DA:29,2
DA:30,2
DA:31,5
DA:35,4
DA:43,4
DA:44,4
DA:55,2
DA:56,2
DA:57,2
DA:58,2
DA:59,2
DA:60,2
DA:61,2
DA:62,2
DA:63,2
DA:68,4
DA:69,4
DA:70,4
DA:71,4
DA:72,4
DA:73,4
DA:74,4
DA:75,4
DA:76,4
DA:81,2
DA:90,2
DA:91,2
DA:92,1
DA:93,1
DA:94,1
DA:95,1
DA:96,1
DA:97,1
DA:101,1
DA:104,1
DA:105,3
DA:106,3
DA:107,3
DA:108,0
DA:109,0
DA:110,0
DA:111,0
DA:114,1
DA:115,8
DA:117,1
DA:119,5
DA:120,3
LF:51
LH:47
end_of_record
SF:lib/state/workout_state.dart
DA:36,9
DA:37,3
DA:38,6
DA:39,6
DA:40,2
DA:41,2
DA:42,4
DA:43,3
DA:46,4
DA:52,4
DA:56,4
DA:57,4
DA:58,4
DA:62,4
DA:63,12
DA:64,12
DA:65,12
DA:69,4
DA:70,6
DA:71,8
DA:72,4
DA:73,4
DA:77,2
DA:78,4
DA:82,2
DA:83,2
DA:86,8
DA:87,4
DA:91,4
DA:93,2
DA:97,3
DA:98,6
DA:99,3
DA:103,2
DA:104,4
DA:105,2
DA:109,2
DA:110,4
DA:112,2
DA:113,2
DA:115,2
DA:117,2
DA:120,2
DA:124,1
DA:125,2
DA:126,3
DA:127,3
DA:128,1
DA:132,1
DA:133,1
DA:134,1
DA:137,1
DA:138,1
DA:143,2
DA:144,2
DA:145,2
DA:149,1
DA:150,2
DA:151,2
DA:152,1
DA:154,2
DA:159,4
DA:160,6
DA:161,8
DA:162,0
DA:163,0
DA:164,0
DA:170,10
DA:173,4
DA:175,8
DA:176,8
DA:177,8
DA:178,8
DA:179,4
LF:74
LH:71
end_of_record
SF:lib/domain/workout_engine.dart
DA:20,5
DA:21,5
DA:25,5
DA:26,15
DA:29,15
DA:30,5
DA:31,15
DA:33,3
DA:34,9
DA:39,8
DA:42,6
DA:45,6
DA:49,15
DA:52,8
DA:56,3
DA:57,6
DA:58,6
DA:61,6
DA:62,2
DA:70,4
DA:71,4
DA:75,3
DA:76,3
DA:77,3
DA:79,3
DA:82,3
DA:84,21
DA:86,3
DA:87,9
DA:90,0
DA:91,0
DA:93,0
DA:94,0
DA:99,1
DA:101,1
DA:102,3
DA:105,1
DA:107,1
DA:108,3
DA:109,1
DA:115,4
DA:116,4
DA:117,4
DA:119,4
DA:120,12
DA:123,2
DA:124,4
DA:126,4
DA:128,2
DA:129,6
DA:132,6
DA:133,2
DA:134,6
DA:137,1
DA:138,1
DA:143,1
DA:145,1
DA:146,3
DA:149,1
DA:151,1
DA:157,3
DA:158,3
DA:159,3
DA:160,15
LF:64
LH:60
end_of_record
SF:lib/state/preset_editor_state.dart
DA:28,4
DA:29,4
DA:30,4
DA:31,4
DA:32,4
DA:33,4
DA:34,4
DA:35,2
DA:36,2
DA:39,2
DA:40,2
DA:41,2
DA:42,10
DA:46,6
DA:49,6
DA:52,6
DA:55,6
DA:58,2
DA:59,18
DA:60,2
DA:61,2
DA:62,10
DA:66,2
DA:76,2
DA:78,1
DA:79,1
DA:80,3
DA:81,3
DA:82,0
DA:91,2
DA:92,2
DA:93,2
DA:94,2
DA:95,2
DA:96,2
DA:99,2
DA:100,2
DA:101,2
DA:102,2
DA:103,2
DA:104,2
DA:105,2
DA:106,2
DA:110,6
DA:111,6
DA:112,6
DA:113,6
DA:114,6
DA:118,1
DA:119,2
DA:120,2
DA:121,1
DA:126,1
DA:127,2
DA:128,2
DA:129,1
DA:134,1
DA:135,2
DA:136,2
DA:137,1
DA:142,1
DA:143,2
DA:144,2
DA:145,1
DA:150,1
DA:151,2
DA:152,2
DA:153,1
DA:158,1
DA:159,2
DA:160,2
DA:161,1
DA:166,1
DA:167,2
DA:168,2
DA:169,1
DA:174,1
DA:175,2
DA:176,2
DA:177,1
DA:182,1
DA:183,2
DA:184,2
DA:185,1
DA:190,1
DA:191,2
DA:192,2
DA:193,1
DA:198,1
DA:199,1
DA:200,1
DA:204,1
DA:205,1
DA:206,1
DA:210,2
DA:211,2
DA:212,2
DA:217,2
DA:218,6
DA:219,2
DA:222,3
DA:224,7
DA:225,2
DA:226,4
DA:227,2
DA:228,1
DA:229,1
DA:230,1
DA:231,1
DA:232,1
DA:234,2
DA:238,2
DA:239,4
DA:240,2
DA:241,2
DA:242,2
DA:243,2
DA:244,2
DA:246,4
DA:253,2
LF:120
LH:119
end_of_record
SF:lib/state/home_state.dart
DA:35,2
DA:36,2
DA:37,2
DA:38,2
DA:39,2
DA:40,9
DA:41,2
DA:44,0
DA:45,0
DA:46,0
DA:50,3
DA:51,3
DA:55,3
DA:56,9
DA:57,9
DA:58,9
DA:59,9
DA:62,6
DA:65,1
DA:66,1
DA:67,3
DA:68,1
DA:70,0
DA:71,0
DA:76,9
DA:77,9
DA:78,9
DA:79,9
DA:83,3
DA:84,9
DA:85,9
DA:86,9
DA:87,9
DA:90,18
DA:91,6
DA:95,1
DA:96,2
DA:97,2
DA:98,1
DA:99,1
DA:104,1
DA:105,2
DA:106,2
DA:107,1
DA:108,1
DA:113,1
DA:114,2
DA:115,2
DA:116,1
DA:117,1
DA:122,1
DA:123,2
DA:124,2
DA:125,1
DA:126,1
DA:131,1
DA:132,2
DA:133,2
DA:134,1
DA:135,1
DA:140,1
DA:141,2
DA:142,2
DA:143,1
DA:144,1
DA:149,1
DA:150,2
DA:151,1
DA:152,1
DA:156,1
DA:157,2
DA:158,1
DA:163,1
DA:164,2
DA:165,1
DA:168,1
DA:169,1
DA:171,1
DA:172,1
DA:173,1
DA:177,2
DA:178,1
DA:179,1
DA:183,2
DA:184,4
DA:185,2
DA:186,2
DA:190,1
DA:191,6
DA:192,2
DA:193,2
DA:194,1
DA:195,1
DA:200,1
DA:201,5
DA:202,1
DA:203,1
DA:207,0
DA:208,0
DA:209,0
DA:214,1
DA:215,1
DA:217,1
DA:218,2
DA:219,1
DA:220,3
DA:221,2
DA:222,2
DA:225,1
DA:226,1
DA:227,3
DA:228,2
DA:233,3
DA:236,3
LF:114
LH:106
end_of_record
SF:lib/services/impl/shared_prefs_repository.dart
DA:8,1
DA:10,1
DA:12,2
DA:13,1
DA:19,1
DA:21,1
DA:22,2
DA:23,1
DA:24,2
DA:25,1
DA:26,2
DA:27,1
DA:28,2
DA:29,0
DA:30,0
DA:32,0
DA:36,1
DA:38,2
DA:41,1
DA:43,2
LF:20
LH:17
end_of_record
SF:lib/services/impl/system_ticker_service.dart
DA:10,1
DA:13,1
DA:15,1
DA:16,2
DA:18,3
DA:19,2
DA:20,3
DA:23,2
DA:26,1
DA:28,2
DA:29,1
DA:30,2
DA:31,1
LF:13
LH:13
end_of_record
SF:lib/screens/preset_editor_screen.dart
DA:13,1
DA:15,1
DA:17,1
DA:19,1
DA:21,1
DA:22,2
DA:23,2
DA:25,1
DA:26,1
DA:28,1
DA:29,1
DA:30,1
DA:31,1
DA:35,1
DA:36,1
DA:37,1
DA:43,2
DA:44,1
DA:45,1
DA:46,1
DA:47,1
DA:48,1
DA:49,1
DA:50,1
DA:51,1
DA:52,1
DA:53,1
DA:54,1
DA:55,1
DA:56,1
DA:57,1
DA:58,1
DA:59,1
DA:60,1
DA:61,1
DA:62,1
DA:63,1
DA:67,2
DA:68,1
DA:70,1
DA:71,1
DA:73,1
DA:80,1
DA:87,1
DA:88,1
DA:96,1
DA:97,1
DA:98,2
DA:102,1
DA:104,1
DA:105,2
DA:108,2
DA:109,3
LF:53
LH:53
end_of_record
SF:lib/widgets/preset_editor/preset_editor_header.dart
DA:13,2
DA:19,2
DA:22,2
DA:24,2
DA:25,2
DA:27,1
DA:28,1
DA:33,1
DA:36,1
DA:38,1
DA:39,1
DA:41,1
DA:45,1
DA:50,1
DA:52,1
DA:54,1
DA:55,1
DA:56,2
DA:57,1
DA:58,1
DA:64,1
DA:65,1
DA:66,2
DA:67,1
DA:68,1
DA:75,1
DA:76,1
DA:78,1
DA:82,1
LF:29
LH:29
end_of_record
SF:lib/widgets/preset_editor/preset_name_input.dart
DA:11,2
DA:17,2
DA:19,2
DA:21,2
DA:23,2
DA:24,2
DA:26,2
DA:28,4
DA:29,8
DA:30,2
DA:31,2
DA:35,2
DA:36,2
DA:39,2
DA:40,2
DA:46,2
DA:47,2
DA:53,2
DA:54,2
LF:19
LH:19
end_of_record
SF:lib/widgets/preset_editor/preset_params_panel.dart
DA:27,2
DA:50,2
DA:52,2
DA:54,2
DA:57,2
DA:60,2
DA:62,2
DA:63,2
DA:64,2
DA:65,2
DA:66,2
DA:70,2
DA:71,2
DA:72,4
DA:73,4
DA:78,2
DA:79,2
DA:80,4
DA:81,2
DA:82,2
DA:86,2
DA:87,2
DA:88,4
DA:89,4
DA:94,2
DA:95,2
DA:96,2
DA:97,2
DA:98,2
DA:102,2
DA:103,2
DA:104,4
DA:105,4
DA:110,2
DA:111,2
DA:112,2
DA:113,2
DA:114,2
DA:118,2
DA:119,2
DA:120,4
DA:121,4
DA:126,2
DA:127,2
DA:128,2
DA:129,2
DA:130,2
DA:134,2
DA:135,2
DA:136,4
DA:137,4
LF:51
LH:51
end_of_record
SF:lib/widgets/preset_editor/preset_total_display.dart
DA:9,2
DA:14,2
DA:16,2
DA:22,2
DA:23,2
DA:26,2
LF:6
LH:6
end_of_record
SF:lib/theme/app_colors.dart
DA:6,0
LF:1
LH:0
end_of_record
SF:lib/theme/app_text_styles.dart
DA:7,0
LF:1
LH:0
end_of_record
SF:lib/widgets/preset_editor/mode_toggle_button.dart
DA:13,1
DA:22,1
DA:24,1
DA:25,1
DA:27,1
DA:28,1
DA:29,1
DA:32,1
DA:33,1
DA:35,1
DA:36,1
DA:37,1
DA:38,1
DA:41,1
DA:42,1
DA:43,1
DA:46,1
LF:17
LH:17
end_of_record
SF:lib/widgets/value_control.dart
DA:36,3
DA:57,3
DA:59,3
DA:61,3
DA:63,6
DA:67,3
DA:69,3
DA:70,3
DA:71,6
DA:74,3
DA:76,6
DA:77,3
DA:78,3
DA:81,6
DA:84,3
DA:85,3
DA:86,3
DA:87,3
DA:88,3
DA:89,9
DA:98,6
DA:101,3
DA:103,6
DA:104,3
DA:105,3
DA:108,6
DA:116,3
DA:123,3
DA:127,3
DA:128,3
DA:129,3
DA:130,3
DA:131,3
DA:133,6
DA:134,3
DA:136,6
DA:137,3
DA:138,6
LF:38
LH:38
end_of_record
SF:lib/widgets/workout/workout_display.dart
DA:10,1
DA:12,1
DA:14,1
DA:15,1
DA:16,4
DA:18,1
DA:20,1
DA:22,1
DA:23,4
DA:27,1
DA:29,2
DA:41,1
DA:43,1
DA:54,1
DA:56,1
DA:57,1
DA:58,1
DA:67,1
DA:68,1
DA:69,1
DA:70,2
DA:71,1
DA:72,2
DA:73,1
DA:74,2
DA:75,1
DA:76,2
LF:27
LH:27
end_of_record
SF:lib/widgets/home/quick_start_card.dart
DA:25,1
DA:44,1
DA:46,1
DA:48,1
DA:52,1
DA:53,1
DA:60,1
DA:62,1
DA:64,1
DA:66,1
DA:70,1
DA:71,1
DA:72,1
DA:76,1
DA:77,1
DA:79,1
DA:81,1
DA:82,1
DA:86,1
DA:92,2
DA:96,1
DA:97,1
DA:98,2
DA:99,1
DA:100,1
DA:104,1
DA:105,1
DA:106,1
DA:112,1
DA:113,1
DA:114,1
DA:115,1
DA:116,1
DA:120,1
DA:121,1
DA:122,1
DA:128,1
DA:129,1
DA:130,1
DA:131,1
DA:132,1
DA:136,1
DA:137,1
DA:138,1
DA:144,1
DA:146,1
DA:147,1
DA:149,1
DA:151,1
DA:153,1
DA:154,1
DA:155,1
LF:52
LH:52
end_of_record
SF:lib/widgets/volume_header.dart
DA:18,1
DA:28,0
DA:31,1
DA:33,1
DA:35,1
DA:36,1
DA:38,1
DA:41,1
DA:44,1
DA:46,1
DA:47,1
DA:49,1
DA:50,2
DA:52,1
DA:59,1
DA:60,1
DA:61,1
DA:63,1
DA:64,2
DA:65,1
DA:66,1
DA:67,1
DA:69,1
DA:73,1
DA:74,1
DA:77,1
DA:84,1
DA:85,1
DA:86,1
DA:88,1
DA:91,1
LF:31
LH:30
end_of_record
SF:lib/widgets/workout/pause_button.dart
DA:8,1
DA:10,1
DA:12,1
DA:14,1
DA:16,1
DA:18,1
DA:19,1
DA:20,1
LF:8
LH:8
end_of_record
SF:lib/widgets/workout/navigation_controls.dart
DA:8,1
DA:10,1
DA:12,1
DA:14,1
DA:17,1
DA:19,1
DA:21,1
DA:24,1
DA:29,1
DA:32,1
DA:34,1
DA:36,1
DA:38,1
DA:40,1
DA:54,1
DA:57,1
LF:16
LH:16
end_of_record
